Línea 211: la clase MSDataGridLib.DataGrid del control DataGrid1 no era una clase de control cargada.
Línea 276: la clase MSDataGridLib.DataGrid del control DataGrid2 no era una clase de control cargada.
Línea 212: el nombre de la propiedad Bindings de DataGrid1 no es válido.
Línea 218: el nombre de la propiedad _ExtentX de DataGrid1 no es válido.
Línea 219: el nombre de la propiedad _ExtentY de DataGrid1 no es válido.
Línea 220: el nombre de la propiedad _Version de DataGrid1 no es válido.
Línea 221: el nombre de la propiedad HeadLines de DataGrid1 no es válido.
Línea 222: el nombre de la propiedad RowHeight de DataGrid1 no es válido.
Línea 231: el nombre de la propiedad HeadFont de DataGrid1 no es válido.
Línea 241: el nombre de la propiedad ColumnCount de DataGrid1 no es válido.
Línea 254: el nombre de la propiedad Column00 de DataGrid1 no es válido.
Línea 267: el nombre de la propiedad Column01 de DataGrid1 no es válido.
Línea 268: el nombre de la propiedad SplitCount de DataGrid1 no es válido.
Línea 274: el nombre de la propiedad Split0 de DataGrid1 no es válido.
Línea 282: el nombre de la propiedad _ExtentX de DataGrid2 no es válido.
Línea 283: el nombre de la propiedad _ExtentY de DataGrid2 no es válido.
Línea 284: el nombre de la propiedad _Version de DataGrid2 no es válido.
Línea 285: el nombre de la propiedad HeadLines de DataGrid2 no es válido.
Línea 286: el nombre de la propiedad RowHeight de DataGrid2 no es válido.
Línea 295: el nombre de la propiedad HeadFont de DataGrid2 no es válido.
Línea 305: el nombre de la propiedad ColumnCount de DataGrid2 no es válido.
Línea 318: el nombre de la propiedad Column00 de DataGrid2 no es válido.
Línea 331: el nombre de la propiedad Column01 de DataGrid2 no es válido.
Línea 332: el nombre de la propiedad SplitCount de DataGrid2 no es válido.
Línea 338: el nombre de la propiedad Split0 de DataGrid2 no es válido.
